<?xml version="1.0" encoding="UTF-8"?>
<!-- Generated by org.testng.reporters.JUnitReportReporter -->
<testsuite hostname="ozonetel-Vostro-270s" failures="0" tests="11" name="com.CA.qa.TestCases.AgentToolBarHomePageTest" time="98.059" errors="0" timestamp="06 Dec 2019 07:36:28 GMT" skipped="0">
  <testcase classname="com.CA.qa.TestCases.AgentToolBarHomePageTest" name="verifyATBHomePage_TitleTest" time="7.116"/>
  <testcase classname="com.CA.qa.TestCases.AgentToolBarHomePageTest" name="verifyAgentStatusTestAtStart" time="7.177"/>
  <testcase classname="com.CA.qa.TestCases.AgentToolBarHomePageTest" name="VerifyAgentStatusToPause" time="14.650"/>
  <testcase classname="com.CA.qa.TestCases.AgentToolBarHomePageTest" name="VerifyAgentStatusToReady" time="7.939"/>
  <testcase classname="com.CA.qa.TestCases.AgentToolBarHomePageTest" name="VerifyAgentModeAtStart" time="7.349"/>
  <testcase classname="com.CA.qa.TestCases.AgentToolBarHomePageTest" name="VerifyAgentModeAfterManual" time="8.744"/>
  <testcase classname="com.CA.qa.TestCases.AgentToolBarHomePageTest" name="VerifyAgentModeAfterInbound" time="8.734"/>
  <testcase classname="com.CA.qa.TestCases.AgentToolBarHomePageTest" name="VerifyAgentModeAfterPreview" time="9.019"/>
  <testcase classname="com.CA.qa.TestCases.AgentToolBarHomePageTest" name="VerifyAgentModeAfterProgressive" time="8.722"/>
  <testcase classname="com.CA.qa.TestCases.AgentToolBarHomePageTest" name="VerifyAgentModeAfterBlended" time="8.494"/>
  <testcase classname="com.CA.qa.TestCases.AgentToolBarHomePageTest" name="VerifyAgentATBForceRelease" time="10.115"/>
</testsuite> <!-- com.CA.qa.TestCases.AgentToolBarHomePageTest -->
