<?xml version="1.0" encoding="UTF-8"?>
<!-- Generated by org.testng.reporters.JUnitReportReporter -->
<testsuite skipped="0" hostname="ozonetel-Vostro-270s" name="com.CA.qa.TestCases.AgentToolBarLoginPageTest" tests="9" failures="0" timestamp="22 Apr 2019 12:06:05 GMT" time="20.213" errors="0">
  <testcase name="VerifyATBLoginPage_TitleTest" time="1.648" classname="com.CA.qa.TestCases.AgentToolBarLoginPageTest"/>
  <testcase name="verifyATBLoginpage_logoTest" time="1.736" classname="com.CA.qa.TestCases.AgentToolBarLoginPageTest"/>
  <testcase name="verifyATBLoginpage_EmptycustomerErrMsg" time="2.006" classname="com.CA.qa.TestCases.AgentToolBarLoginPageTest"/>
  <testcase name="verifyATBLoginpage_EmptyAgentIdErrMsg" time="1.759" classname="com.CA.qa.TestCases.AgentToolBarLoginPageTest"/>
  <testcase name="verifyATBLoginpage_EmptyPhoneNoErrMsg" time="1.797" classname="com.CA.qa.TestCases.AgentToolBarLoginPageTest"/>
  <testcase name="verifyATBLoginpage_EmptyPinErrMsg" time="2.618" classname="com.CA.qa.TestCases.AgentToolBarLoginPageTest"/>
  <testcase name="verifyATBLoginpage_invalidUserOrAgentErrMsg" time="2.251" classname="com.CA.qa.TestCases.AgentToolBarLoginPageTest"/>
  <testcase name="VerifyATBLoginpage_logoTest" time="1.780" classname="com.CA.qa.TestCases.AgentToolBarLoginPageTest"/>
  <testcase name="ATBloginTest" time="4.618" classname="com.CA.qa.TestCases.AgentToolBarLoginPageTest"/>
</testsuite> <!-- com.CA.qa.TestCases.AgentToolBarLoginPageTest -->
