<?xml version="1.0" encoding="UTF-8"?>
<!-- Generated by org.testng.reporters.JUnitReportReporter -->
<testsuite skipped="0" hostname="ozonetel-Vostro-270s" name="com.CA.qa.TestCases.ConfigurationPageTest" tests="3" failures="0" timestamp="21 May 2019 13:07:31 GMT" time="22.302" errors="0">
  <testcase name="AddAgents" time="9.120" classname="com.CA.qa.TestCases.ConfigurationPageTest"/>
  <testcase name="AddAgents" time="8.305" classname="com.CA.qa.TestCases.ConfigurationPageTest"/>
  <testcase name="AddAgents" time="4.877" classname="com.CA.qa.TestCases.ConfigurationPageTest"/>
</testsuite> <!-- com.CA.qa.TestCases.ConfigurationPageTest -->
