<?xml version="1.0" encoding="UTF-8"?>
<!-- Generated by org.testng.reporters.JUnitReportReporter -->
<testsuite hostname="ozonetel-Vostro-270s" failures="0" tests="1" name="com.CA.qa.TestCases.try11" time="1.159" errors="0" timestamp="28 Feb 2020 09:59:06 GMT" skipped="0">
  <testcase classname="com.CA.qa.TestCases.try11" name="VerifyAgentStatusToPause" time="1.159"/>
</testsuite> <!-- com.CA.qa.TestCases.try11 -->
