<?xml version="1.0" encoding="UTF-8"?>
<!-- Generated by org.testng.reporters.JUnitReportReporter -->
<testsuite skipped="0" hostname="ozonetel-Vostro-270s" name="com.CA.qa.TestCases.ConfigurationPageTest" tests="6" failures="0" timestamp="17 May 2019 12:23:42 GMT" time="44.306" errors="0">
  <testcase name="AddAgents" time="8.870" classname="com.CA.qa.TestCases.ConfigurationPageTest"/>
  <testcase name="AddPhoneNos" time="6.292" classname="com.CA.qa.TestCases.ConfigurationPageTest"/>
  <testcase name="AddPhoneNos" time="5.864" classname="com.CA.qa.TestCases.ConfigurationPageTest"/>
  <testcase name="AddAgents" time="9.127" classname="com.CA.qa.TestCases.ConfigurationPageTest"/>
  <testcase name="AddPhoneNos" time="4.739" classname="com.CA.qa.TestCases.ConfigurationPageTest"/>
  <testcase name="AddAgents" time="9.414" classname="com.CA.qa.TestCases.ConfigurationPageTest"/>
</testsuite> <!-- com.CA.qa.TestCases.ConfigurationPageTest -->
