<?xml version="1.0" encoding="UTF-8"?>
<!-- Generated by org.testng.reporters.JUnitReportReporter -->
<testsuite skipped="0" hostname="ozonetel-Vostro-270s" name="com.CA.qa.TestCases.AdminLoginPageTest" tests="1" failures="0" timestamp="21 May 2019 12:11:59 GMT" time="1.619" errors="0">
  <testcase name="verifyAdminLoginPage_TitleTest" time="1.619" classname="com.CA.qa.TestCases.AdminLoginPageTest"/>
</testsuite> <!-- com.CA.qa.TestCases.AdminLoginPageTest -->
