<?xml version="1.0" encoding="UTF-8"?>
<!-- Generated by org.testng.reporters.JUnitReportReporter -->
<testsuite skipped="0" hostname="ozonetel-Vostro-270s" name="com.CA.qa.TestCases.AddCampaignPageTest" tests="9" failures="0" timestamp="13 May 2019 07:10:23 GMT" time="74.099" errors="0">
  <testcase name="DeleteCampaign" time="8.611" classname="com.CA.qa.TestCases.AddCampaignPageTest"/>
  <testcase name="DeleteCampaign" time="8.548" classname="com.CA.qa.TestCases.AddCampaignPageTest"/>
  <testcase name="DeleteCampaign" time="6.812" classname="com.CA.qa.TestCases.AddCampaignPageTest"/>
  <testcase name="DeleteCampaign" time="8.019" classname="com.CA.qa.TestCases.AddCampaignPageTest"/>
  <testcase name="DeleteCampaign" time="7.115" classname="com.CA.qa.TestCases.AddCampaignPageTest"/>
  <testcase name="DeleteCampaign" time="9.597" classname="com.CA.qa.TestCases.AddCampaignPageTest"/>
  <testcase name="DeleteCampaign" time="8.016" classname="com.CA.qa.TestCases.AddCampaignPageTest"/>
  <testcase name="DeleteCampaign" time="8.601" classname="com.CA.qa.TestCases.AddCampaignPageTest"/>
  <testcase name="DeleteCampaign" time="8.780" classname="com.CA.qa.TestCases.AddCampaignPageTest"/>
</testsuite> <!-- com.CA.qa.TestCases.AddCampaignPageTest -->
