<?xml version="1.0" encoding="UTF-8"?>
<!-- Generated by org.testng.reporters.JUnitReportReporter -->
<testsuite hostname="ozonetel-Vostro-270s" failures="0" tests="5" name="com.CA.qa.TestCases.AdminHomePageTest" time="21.375" errors="0" timestamp="14 Jan 2020 10:14:45 GMT" skipped="0">
  <testcase classname="com.CA.qa.TestCases.AdminHomePageTest" name="verifyclickingonOutbound" time="3.807"/>
  <testcase classname="com.CA.qa.TestCases.AdminHomePageTest" name="verifyAdminLogout" time="4.220"/>
  <testcase classname="com.CA.qa.TestCases.AdminHomePageTest" name="verifyclickingoninbound" time="4.501"/>
  <testcase classname="com.CA.qa.TestCases.AdminHomePageTest" name="verifyOutboundAddCampaignButton" time="5.468"/>
  <testcase classname="com.CA.qa.TestCases.AdminHomePageTest" name="verifyAdminHomePage_TitleTest" time="3.379"/>
</testsuite> <!-- com.CA.qa.TestCases.AdminHomePageTest -->
