<?xml version="1.0" encoding="UTF-8"?>
<!-- Generated by org.testng.reporters.JUnitReportReporter -->
<testsuite skipped="0" hostname="ozonetel-Vostro-270s" name="com.CA.qa.TestCases.AdminHomePageTest" tests="5" failures="0" timestamp="21 May 2019 12:11:59 GMT" time="14.395" errors="0">
  <testcase name="verifyclickingonOutbound" time="2.844" classname="com.CA.qa.TestCases.AdminHomePageTest"/>
  <testcase name="verifyclickingoninbound" time="2.680" classname="com.CA.qa.TestCases.AdminHomePageTest"/>
  <testcase name="verifyAdminLogout" time="3.458" classname="com.CA.qa.TestCases.AdminHomePageTest"/>
  <testcase name="verifyOutboundAddCampaignButton" time="3.120" classname="com.CA.qa.TestCases.AdminHomePageTest"/>
  <testcase name="verifyAdminHomePage_TitleTest" time="2.293" classname="com.CA.qa.TestCases.AdminHomePageTest"/>
</testsuite> <!-- com.CA.qa.TestCases.AdminHomePageTest -->
