<?xml version="1.0" encoding="UTF-8"?>
<!-- Generated by org.testng.reporters.JUnitReportReporter -->
<testsuite hostname="ozonetel-Vostro-270s" failures="0" tests="3" name="com.CA.qa.TestCases.AddCampaignPageTest" time="62.465" errors="0" timestamp="11 Dec 2019 11:29:38 GMT" skipped="0">
  <testcase classname="com.CA.qa.TestCases.AddCampaignPageTest" name="AddCampaign" time="30.675"/>
  <testcase classname="com.CA.qa.TestCases.AddCampaignPageTest" name="RunCampaign" time="19.883"/>
  <testcase classname="com.CA.qa.TestCases.AddCampaignPageTest" name="DeleteCampaign" time="11.907"/>
</testsuite> <!-- com.CA.qa.TestCases.AddCampaignPageTest -->
