<?xml version="1.0" encoding="UTF-8"?>
<!-- Generated by org.testng.reporters.JUnitReportReporter -->
<testsuite skipped="0" hostname="ozonetel-Vostro-270s" name="com.CA.qa.TestCases.try1" tests="1" failures="0" timestamp="10 May 2019 10:56:13 GMT" time="86.787" errors="0">
  <testcase name="runCampaignaTest" time="86.787" classname="com.CA.qa.TestCases.try1"/>
</testsuite> <!-- com.CA.qa.TestCases.try1 -->
