<?xml version="1.0" encoding="UTF-8"?>
<!-- Generated by org.testng.reporters.JUnitReportReporter -->
<testsuite skipped="0" hostname="ozonetel-Vostro-270s" name="com.CA.qa.TestCases.ConfigurationPageTest" tests="6" failures="0" timestamp="17 May 2019 10:47:01 GMT" time="40.279" errors="0">
  <testcase name="AddPhoneNos" time="4.964" classname="com.CA.qa.TestCases.ConfigurationPageTest"/>
  <testcase name="AddPhoneNos" time="6.406" classname="com.CA.qa.TestCases.ConfigurationPageTest"/>
  <testcase name="AddAgents" time="8.017" classname="com.CA.qa.TestCases.ConfigurationPageTest"/>
  <testcase name="AddAgents" time="10.296" classname="com.CA.qa.TestCases.ConfigurationPageTest"/>
  <testcase name="AddAgents" time="4.832" classname="com.CA.qa.TestCases.ConfigurationPageTest"/>
  <testcase name="AddPhoneNos" time="5.764" classname="com.CA.qa.TestCases.ConfigurationPageTest"/>
</testsuite> <!-- com.CA.qa.TestCases.ConfigurationPageTest -->
