<?xml version="1.0" encoding="UTF-8"?>
<!-- Generated by org.testng.reporters.JUnitReportReporter -->
<testsuite skipped="0" hostname="ozonetel-Vostro-270s" name="com.CA.qa.TestCases.AdminLoginPageTest" tests="3" failures="0" timestamp="17 Apr 2019 09:01:25 GMT" time="5.529" errors="0">
  <testcase name="verifyAdminLoginPage_TitleTest" time="1.734" classname="com.CA.qa.TestCases.AdminLoginPageTest"/>
  <testcase name="verifyAdminLoginpage_logoTest" time="1.483" classname="com.CA.qa.TestCases.AdminLoginPageTest"/>
  <testcase name="verifyAdminloginTest" time="2.312" classname="com.CA.qa.TestCases.AdminLoginPageTest"/>
</testsuite> <!-- com.CA.qa.TestCases.AdminLoginPageTest -->
