<?xml version="1.0" encoding="UTF-8"?>
<!-- Generated by org.testng.reporters.JUnitReportReporter -->
<testsuite skipped="0" hostname="ozonetel-Vostro-270s" name="com.CA.qa.TestCases.try11" tests="20" failures="0" timestamp="21 May 2019 12:05:26 GMT" time="214.794" errors="0">
  <testcase name="VerifyAgentStatusToPause" time="14.068" classname="com.CA.qa.TestCases.try11"/>
  <testcase name="VerifyAgentStatusToPause" time="14.046" classname="com.CA.qa.TestCases.try11"/>
  <testcase name="VerifyAgentStatusToPause" time="15.594" classname="com.CA.qa.TestCases.try11"/>
  <testcase name="VerifyAgentStatusToPause" time="14.008" classname="com.CA.qa.TestCases.try11"/>
  <testcase name="VerifyAgentStatusToPause" time="14.021" classname="com.CA.qa.TestCases.try11"/>
  <testcase name="VerifyAgentStatusToPause" time="14.092" classname="com.CA.qa.TestCases.try11"/>
  <testcase name="VerifyAgentStatusToPause" time="14.298" classname="com.CA.qa.TestCases.try11"/>
  <testcase name="VerifyAgentStatusToPause" time="14.283" classname="com.CA.qa.TestCases.try11"/>
  <testcase name="VerifyAgentStatusToPause" time="14.105" classname="com.CA.qa.TestCases.try11"/>
  <testcase name="VerifyAgentStatusToPause" time="14.087" classname="com.CA.qa.TestCases.try11"/>
  <testcase name="VerifyAgentStatusToReady" time="7.625" classname="com.CA.qa.TestCases.try11"/>
  <testcase name="VerifyAgentStatusToReady" time="7.243" classname="com.CA.qa.TestCases.try11"/>
  <testcase name="VerifyAgentStatusToReady" time="7.242" classname="com.CA.qa.TestCases.try11"/>
  <testcase name="VerifyAgentStatusToReady" time="7.167" classname="com.CA.qa.TestCases.try11"/>
  <testcase name="VerifyAgentStatusToReady" time="7.152" classname="com.CA.qa.TestCases.try11"/>
  <testcase name="VerifyAgentStatusToReady" time="7.126" classname="com.CA.qa.TestCases.try11"/>
  <testcase name="VerifyAgentStatusToReady" time="7.142" classname="com.CA.qa.TestCases.try11"/>
  <testcase name="VerifyAgentStatusToReady" time="7.069" classname="com.CA.qa.TestCases.try11"/>
  <testcase name="VerifyAgentStatusToReady" time="7.234" classname="com.CA.qa.TestCases.try11"/>
  <testcase name="VerifyAgentStatusToReady" time="7.192" classname="com.CA.qa.TestCases.try11"/>
</testsuite> <!-- com.CA.qa.TestCases.try11 -->
