<?xml version="1.0" encoding="UTF-8"?>
<!-- Generated by org.testng.reporters.JUnitReportReporter -->
<testsuite hostname="ozonetel-Vostro-270s" failures="0" tests="3" name="com.CA.qa.TestCases.AdminLoginPageTest" time="12.239" errors="0" timestamp="14 Jan 2020 10:14:08 GMT" skipped="0">
  <testcase classname="com.CA.qa.TestCases.AdminLoginPageTest" name="verifyAdminLoginPage_TitleTest" time="5.420"/>
  <testcase classname="com.CA.qa.TestCases.AdminLoginPageTest" name="verifyAdminLoginpage_logoTest" time="3.487"/>
  <testcase classname="com.CA.qa.TestCases.AdminLoginPageTest" name="verifyAdminloginTest" time="3.332"/>
</testsuite> <!-- com.CA.qa.TestCases.AdminLoginPageTest -->
