<?xml version="1.0" encoding="UTF-8"?>
<!-- Generated by org.testng.reporters.JUnitReportReporter -->
<testsuite skipped="0" hostname="ozonetel-Vostro-270s" name="com.CA.qa.TestCases.AdminHomePageTest" tests="5" failures="0" timestamp="24 May 2019 09:17:30 GMT" time="18.259" errors="0">
  <testcase name="verifyAdminLogout" time="3.507" classname="com.CA.qa.TestCases.AdminHomePageTest"/>
  <testcase name="verifyclickingonOutbound" time="3.154" classname="com.CA.qa.TestCases.AdminHomePageTest"/>
  <testcase name="verifyOutboundAddCampaignButton" time="5.712" classname="com.CA.qa.TestCases.AdminHomePageTest"/>
  <testcase name="verifyclickingoninbound" time="3.203" classname="com.CA.qa.TestCases.AdminHomePageTest"/>
  <testcase name="verifyAdminHomePage_TitleTest" time="2.683" classname="com.CA.qa.TestCases.AdminHomePageTest"/>
</testsuite> <!-- com.CA.qa.TestCases.AdminHomePageTest -->
