<?xml version="1.0" encoding="UTF-8"?>
<!-- Generated by org.testng.reporters.JUnitReportReporter -->
<testsuite skipped="0" hostname="ozonetel-Vostro-270s" name="com.CA.qa.TestCases.AdminHomePageTest" tests="5" failures="0" timestamp="21 May 2019 13:07:31 GMT" time="15.431" errors="0">
  <testcase name="verifyclickingonOutbound" time="2.896" classname="com.CA.qa.TestCases.AdminHomePageTest"/>
  <testcase name="verifyclickingoninbound" time="2.818" classname="com.CA.qa.TestCases.AdminHomePageTest"/>
  <testcase name="verifyAdminLogout" time="3.793" classname="com.CA.qa.TestCases.AdminHomePageTest"/>
  <testcase name="verifyOutboundAddCampaignButton" time="3.366" classname="com.CA.qa.TestCases.AdminHomePageTest"/>
  <testcase name="verifyAdminHomePage_TitleTest" time="2.558" classname="com.CA.qa.TestCases.AdminHomePageTest"/>
</testsuite> <!-- com.CA.qa.TestCases.AdminHomePageTest -->
