<?xml version="1.0" encoding="UTF-8"?>
<!-- Generated by org.testng.reporters.JUnitReportReporter -->
<testsuite skipped="0" hostname="ozonetel-Vostro-270s" name="com.CA.qa.TestCases.AddCampaignPageTest" tests="9" failures="0" timestamp="21 May 2019 12:11:59 GMT" time="94.204" errors="0">
  <testcase name="AddCampaign" time="10.952" classname="com.CA.qa.TestCases.AddCampaignPageTest"/>
  <testcase name="AddCampaign" time="10.549" classname="com.CA.qa.TestCases.AddCampaignPageTest"/>
  <testcase name="AddCampaign" time="11.556" classname="com.CA.qa.TestCases.AddCampaignPageTest"/>
  <testcase name="AddCampaign" time="12.265" classname="com.CA.qa.TestCases.AddCampaignPageTest"/>
  <testcase name="AddCampaign" time="7.038" classname="com.CA.qa.TestCases.AddCampaignPageTest"/>
  <testcase name="AddCampaign" time="8.061" classname="com.CA.qa.TestCases.AddCampaignPageTest"/>
  <testcase name="AddCampaign" time="11.120" classname="com.CA.qa.TestCases.AddCampaignPageTest"/>
  <testcase name="AddCampaign" time="10.309" classname="com.CA.qa.TestCases.AddCampaignPageTest"/>
  <testcase name="AddCampaign" time="12.354" classname="com.CA.qa.TestCases.AddCampaignPageTest"/>
</testsuite> <!-- com.CA.qa.TestCases.AddCampaignPageTest -->
