<?xml version="1.0" encoding="UTF-8"?>
<!-- Generated by org.testng.reporters.JUnitReportReporter -->
<testsuite skipped="0" hostname="ozonetel-Vostro-270s" name="com.CA.qa.TestCases.AdminLoginPageTest" tests="3" failures="0" timestamp="24 May 2019 09:17:05 GMT" time="9.717" errors="0">
  <testcase name="verifyAdminLoginPage_TitleTest" time="4.424" classname="com.CA.qa.TestCases.AdminLoginPageTest"/>
  <testcase name="verifyAdminLoginpage_logoTest" time="2.572" classname="com.CA.qa.TestCases.AdminLoginPageTest"/>
  <testcase name="verifyAdminloginTest" time="2.721" classname="com.CA.qa.TestCases.AdminLoginPageTest"/>
</testsuite> <!-- com.CA.qa.TestCases.AdminLoginPageTest -->
