<?xml version="1.0" encoding="UTF-8"?>
<!-- Generated by org.testng.reporters.JUnitReportReporter -->
<testsuite skipped="0" hostname="ozonetel-Vostro-270s" name="com.CA.qa.TestCases.AddCampaignPageTest" tests="9" failures="0" timestamp="21 May 2019 13:07:31 GMT" time="95.381" errors="0">
  <testcase name="AddCampaign" time="10.983" classname="com.CA.qa.TestCases.AddCampaignPageTest"/>
  <testcase name="AddCampaign" time="10.819" classname="com.CA.qa.TestCases.AddCampaignPageTest"/>
  <testcase name="AddCampaign" time="11.295" classname="com.CA.qa.TestCases.AddCampaignPageTest"/>
  <testcase name="AddCampaign" time="11.818" classname="com.CA.qa.TestCases.AddCampaignPageTest"/>
  <testcase name="AddCampaign" time="7.265" classname="com.CA.qa.TestCases.AddCampaignPageTest"/>
  <testcase name="AddCampaign" time="8.367" classname="com.CA.qa.TestCases.AddCampaignPageTest"/>
  <testcase name="AddCampaign" time="10.928" classname="com.CA.qa.TestCases.AddCampaignPageTest"/>
  <testcase name="AddCampaign" time="11.785" classname="com.CA.qa.TestCases.AddCampaignPageTest"/>
  <testcase name="AddCampaign" time="12.121" classname="com.CA.qa.TestCases.AddCampaignPageTest"/>
</testsuite> <!-- com.CA.qa.TestCases.AddCampaignPageTest -->
