<?xml version="1.0" encoding="UTF-8"?>
<!-- Generated by org.testng.reporters.JUnitReportReporter -->
<testsuite hostname="ozonetel-Vostro-270s" failures="0" tests="11" name="com.CA.qa.TestCases.ConfigurationPageTest" time="90.765" errors="0" timestamp="06 Dec 2019 07:40:12 GMT" skipped="0">
  <testcase classname="com.CA.qa.TestCases.ConfigurationPageTest" name="AddAgents" time="17.972"/>
  <testcase classname="com.CA.qa.TestCases.ConfigurationPageTest" name="AddPhoneNos" time="26.416"/>
  <testcase classname="com.CA.qa.TestCases.ConfigurationPageTest" name="AddTransferNos" time="6.870"/>
  <testcase classname="com.CA.qa.TestCases.ConfigurationPageTest" name="AddTransferNos" time="5.599"/>
  <testcase classname="com.CA.qa.TestCases.ConfigurationPageTest" name="AddTransferNos" time="4.611"/>
  <testcase classname="com.CA.qa.TestCases.ConfigurationPageTest" name="AddDispositions" time="4.477"/>
  <testcase classname="com.CA.qa.TestCases.ConfigurationPageTest" name="AddDispositions" time="4.905"/>
  <testcase classname="com.CA.qa.TestCases.ConfigurationPageTest" name="AddDispositions" time="4.823"/>
  <testcase classname="com.CA.qa.TestCases.ConfigurationPageTest" name="AddpauseReasons" time="5.095"/>
  <testcase classname="com.CA.qa.TestCases.ConfigurationPageTest" name="AddpauseReasons" time="4.746"/>
  <testcase classname="com.CA.qa.TestCases.ConfigurationPageTest" name="AddpauseReasons" time="5.251"/>
</testsuite> <!-- com.CA.qa.TestCases.ConfigurationPageTest -->
