<?xml version="1.0" encoding="UTF-8"?>
<!-- Generated by org.testng.reporters.JUnitReportReporter -->
<testsuite skipped="0" hostname="ozonetel-Vostro-270s" name="com.CA.qa.TestCases.AddCampaignPageTest" tests="6" failures="0" timestamp="24 May 2019 11:44:31 GMT" time="50.900" errors="0">
  <testcase name="AddCampaign" time="12.387" classname="com.CA.qa.TestCases.AddCampaignPageTest"/>
  <testcase name="AddCampaign" time="9.190" classname="com.CA.qa.TestCases.AddCampaignPageTest"/>
  <testcase name="RunCampaign" time="5.377" classname="com.CA.qa.TestCases.AddCampaignPageTest"/>
  <testcase name="RunCampaign" time="5.853" classname="com.CA.qa.TestCases.AddCampaignPageTest"/>
  <testcase name="DeleteCampaign" time="9.055" classname="com.CA.qa.TestCases.AddCampaignPageTest"/>
  <testcase name="DeleteCampaign" time="9.038" classname="com.CA.qa.TestCases.AddCampaignPageTest"/>
</testsuite> <!-- com.CA.qa.TestCases.AddCampaignPageTest -->
