<?xml version="1.0" encoding="UTF-8"?>
<!-- Generated by org.testng.reporters.JUnitReportReporter -->
<testsuite hostname="ozonetel-Vostro-270s" failures="0" tests="3" name="com.CA.qa.TestCases.AdminLoginPageTest" time="8.101" errors="0" timestamp="06 Dec 2019 07:41:51 GMT" skipped="0">
  <testcase classname="com.CA.qa.TestCases.AdminLoginPageTest" name="verifyAdminLoginPage_TitleTest" time="3.040"/>
  <testcase classname="com.CA.qa.TestCases.AdminLoginPageTest" name="verifyAdminLoginpage_logoTest" time="2.212"/>
  <testcase classname="com.CA.qa.TestCases.AdminLoginPageTest" name="verifyAdminloginTest" time="2.849"/>
</testsuite> <!-- com.CA.qa.TestCases.AdminLoginPageTest -->
