<?xml version="1.0" encoding="UTF-8"?>
<!-- Generated by org.testng.reporters.JUnitReportReporter -->
<testsuite skipped="0" hostname="ozonetel-Vostro-270s" name="com.CA.qa.TestCases.ConfigurationPageTest" tests="3" failures="0" timestamp="21 May 2019 12:11:59 GMT" time="21.438" errors="0">
  <testcase name="AddAgents" time="9.035" classname="com.CA.qa.TestCases.ConfigurationPageTest"/>
  <testcase name="AddAgents" time="8.005" classname="com.CA.qa.TestCases.ConfigurationPageTest"/>
  <testcase name="AddAgents" time="4.398" classname="com.CA.qa.TestCases.ConfigurationPageTest"/>
</testsuite> <!-- com.CA.qa.TestCases.ConfigurationPageTest -->
