<?xml version="1.0" encoding="UTF-8"?>
<!-- Generated by org.testng.reporters.JUnitReportReporter -->
<testsuite hostname="ozonetel-Vostro-270s" failures="0" tests="5" name="com.CA.qa.TestCases.AdminHomePageTest" time="18.467" errors="0" timestamp="06 Dec 2019 07:42:19 GMT" skipped="0">
  <testcase classname="com.CA.qa.TestCases.AdminHomePageTest" name="verifyOutboundAddCampaignButton" time="5.002"/>
  <testcase classname="com.CA.qa.TestCases.AdminHomePageTest" name="verifyclickingoninbound" time="3.846"/>
  <testcase classname="com.CA.qa.TestCases.AdminHomePageTest" name="verifyclickingonOutbound" time="3.629"/>
  <testcase classname="com.CA.qa.TestCases.AdminHomePageTest" name="verifyAdminLogout" time="3.183"/>
  <testcase classname="com.CA.qa.TestCases.AdminHomePageTest" name="verifyAdminHomePage_TitleTest" time="2.807"/>
</testsuite> <!-- com.CA.qa.TestCases.AdminHomePageTest -->
