<?xml version="1.0" encoding="UTF-8"?>
<!-- Generated by org.testng.reporters.JUnitReportReporter -->
<testsuite skipped="0" hostname="ozonetel-Vostro-270s" name="com.CA.qa.TestCases.AddOutBoundCampaignPageTest" tests="1" failures="0" timestamp="03 May 2019 12:29:27 GMT" time="11.331" errors="0">
  <testcase name="AddOutBoundCampaign" time="11.331" classname="com.CA.qa.TestCases.AddOutBoundCampaignPageTest"/>
</testsuite> <!-- com.CA.qa.TestCases.AddOutBoundCampaignPageTest -->
