<?xml version="1.0" encoding="UTF-8"?>
<!-- Generated by org.testng.reporters.JUnitReportReporter -->
<testsuite hostname="ozonetel-Vostro-270s" failures="0" tests="12" name="com.CA.qa.TestCases.AgentToolBarLoginPageTest" time="40.746" errors="0" timestamp="10 Jan 2020 11:41:12 GMT" skipped="0">
  <testcase classname="com.CA.qa.TestCases.AgentToolBarLoginPageTest" name="VerifyATBLoginPage_TitleTest" time="2.512"/>
  <testcase classname="com.CA.qa.TestCases.AgentToolBarLoginPageTest" name="verifyATBLoginpage_logoTest" time="2.338"/>
  <testcase classname="com.CA.qa.TestCases.AgentToolBarLoginPageTest" name="verifyATBLoginpage_EmptycustomerErrMsg" time="2.471"/>
  <testcase classname="com.CA.qa.TestCases.AgentToolBarLoginPageTest" name="verifyATBLoginpage_EmptyAgentIdErrMsg" time="2.434"/>
  <testcase classname="com.CA.qa.TestCases.AgentToolBarLoginPageTest" name="verifyATBLoginpage_EmptyPhoneNoErrMsg" time="2.446"/>
  <testcase classname="com.CA.qa.TestCases.AgentToolBarLoginPageTest" name="verifyATBLoginpage_EmptyPinErrMsg" time="4.024"/>
  <testcase classname="com.CA.qa.TestCases.AgentToolBarLoginPageTest" name="verifyATBLoginpage_invalidAgentErrMsg" time="4.080"/>
  <testcase classname="com.CA.qa.TestCases.AgentToolBarLoginPageTest" name="verifyATBLoginpage_invalidUserErrMsg" time="3.116"/>
  <testcase classname="com.CA.qa.TestCases.AgentToolBarLoginPageTest" name="verifyATBLoginpage_PhoneNumberDoesnotexistErrMsg" time="3.895"/>
  <testcase classname="com.CA.qa.TestCases.AgentToolBarLoginPageTest" name="verifyATBLoginpage_PhoneNumberInvalidErrMsg" time="3.860"/>
  <testcase classname="com.CA.qa.TestCases.AgentToolBarLoginPageTest" name="verifyATBLoginpage_wrong_password_errMsg" time="3.886"/>
  <testcase classname="com.CA.qa.TestCases.AgentToolBarLoginPageTest" name="ATBloginTest" time="5.684"/>
</testsuite> <!-- com.CA.qa.TestCases.AgentToolBarLoginPageTest -->
