<?xml version="1.0" encoding="UTF-8"?>
<!-- Generated by org.testng.reporters.JUnitReportReporter -->
<testsuite skipped="0" hostname="ozonetel-Vostro-270s" name="com.CA.qa.TestCases.AddCampaignPageTest" tests="27" failures="0" timestamp="24 May 2019 13:10:30 GMT" time="722.733" errors="0">
  <testcase name="AddCampaign" time="50.376" classname="com.CA.qa.TestCases.AddCampaignPageTest"/>
  <testcase name="AddCampaign" time="29.728" classname="com.CA.qa.TestCases.AddCampaignPageTest"/>
  <testcase name="AddCampaign" time="29.701" classname="com.CA.qa.TestCases.AddCampaignPageTest"/>
  <testcase name="AddCampaign" time="30.627" classname="com.CA.qa.TestCases.AddCampaignPageTest"/>
  <testcase name="AddCampaign" time="31.181" classname="com.CA.qa.TestCases.AddCampaignPageTest"/>
  <testcase name="AddCampaign" time="28.777" classname="com.CA.qa.TestCases.AddCampaignPageTest"/>
  <testcase name="AddCampaign" time="29.587" classname="com.CA.qa.TestCases.AddCampaignPageTest"/>
  <testcase name="AddCampaign" time="28.695" classname="com.CA.qa.TestCases.AddCampaignPageTest"/>
  <testcase name="AddCampaign" time="43.211" classname="com.CA.qa.TestCases.AddCampaignPageTest"/>
  <testcase name="RunCampaign" time="17.939" classname="com.CA.qa.TestCases.AddCampaignPageTest"/>
  <testcase name="RunCampaign" time="14.986" classname="com.CA.qa.TestCases.AddCampaignPageTest"/>
  <testcase name="RunCampaign" time="17.894" classname="com.CA.qa.TestCases.AddCampaignPageTest"/>
  <testcase name="RunCampaign" time="18.116" classname="com.CA.qa.TestCases.AddCampaignPageTest"/>
  <testcase name="RunCampaign" time="18.121" classname="com.CA.qa.TestCases.AddCampaignPageTest"/>
  <testcase name="RunCampaign" time="18.287" classname="com.CA.qa.TestCases.AddCampaignPageTest"/>
  <testcase name="RunCampaign" time="22.297" classname="com.CA.qa.TestCases.AddCampaignPageTest"/>
  <testcase name="RunCampaign" time="19.714" classname="com.CA.qa.TestCases.AddCampaignPageTest"/>
  <testcase name="RunCampaign" time="17.770" classname="com.CA.qa.TestCases.AddCampaignPageTest"/>
  <testcase name="DeleteCampaign" time="28.848" classname="com.CA.qa.TestCases.AddCampaignPageTest"/>
  <testcase name="DeleteCampaign" time="29.310" classname="com.CA.qa.TestCases.AddCampaignPageTest"/>
  <testcase name="DeleteCampaign" time="30.016" classname="com.CA.qa.TestCases.AddCampaignPageTest"/>
  <testcase name="DeleteCampaign" time="29.955" classname="com.CA.qa.TestCases.AddCampaignPageTest"/>
  <testcase name="DeleteCampaign" time="31.089" classname="com.CA.qa.TestCases.AddCampaignPageTest"/>
  <testcase name="DeleteCampaign" time="17.604" classname="com.CA.qa.TestCases.AddCampaignPageTest"/>
  <testcase name="DeleteCampaign" time="30.114" classname="com.CA.qa.TestCases.AddCampaignPageTest"/>
  <testcase name="DeleteCampaign" time="29.034" classname="com.CA.qa.TestCases.AddCampaignPageTest"/>
  <testcase name="DeleteCampaign" time="29.756" classname="com.CA.qa.TestCases.AddCampaignPageTest"/>
</testsuite> <!-- com.CA.qa.TestCases.AddCampaignPageTest -->
