<?xml version="1.0" encoding="UTF-8"?>
<!-- Generated by org.testng.reporters.JUnitReportReporter -->
<testsuite hostname="ozonetel-Vostro-270s" failures="0" tests="11" name="com.CA.qa.TestCases.AgentToolBarHomePageTest" time="114.307" errors="0" timestamp="06 Mar 2020 07:41:21 GMT" skipped="0">
  <testcase classname="com.CA.qa.TestCases.AgentToolBarHomePageTest" name="verifyATBHomePage_TitleTest" time="9.205"/>
  <testcase classname="com.CA.qa.TestCases.AgentToolBarHomePageTest" name="verifyAgentStatusTestAtStart" time="8.921"/>
  <testcase classname="com.CA.qa.TestCases.AgentToolBarHomePageTest" name="VerifyAgentStatusToPause" time="12.505"/>
  <testcase classname="com.CA.qa.TestCases.AgentToolBarHomePageTest" name="VerifyAgentStatusToReady" time="10.918"/>
  <testcase classname="com.CA.qa.TestCases.AgentToolBarHomePageTest" name="VerifyAgentModeAtStart" time="8.014"/>
  <testcase classname="com.CA.qa.TestCases.AgentToolBarHomePageTest" name="VerifyAgentModeAfterManual" time="10.748"/>
  <testcase classname="com.CA.qa.TestCases.AgentToolBarHomePageTest" name="VerifyAgentModeAfterInbound" time="11.267"/>
  <testcase classname="com.CA.qa.TestCases.AgentToolBarHomePageTest" name="VerifyAgentModeAfterPreview" time="10.388"/>
  <testcase classname="com.CA.qa.TestCases.AgentToolBarHomePageTest" name="VerifyAgentModeAfterProgressive" time="10.089"/>
  <testcase classname="com.CA.qa.TestCases.AgentToolBarHomePageTest" name="VerifyAgentModeAfterBlended" time="10.756"/>
  <testcase classname="com.CA.qa.TestCases.AgentToolBarHomePageTest" name="VerifyAgentATBForceRelease" time="11.496"/>
</testsuite> <!-- com.CA.qa.TestCases.AgentToolBarHomePageTest -->
