<?xml version="1.0" encoding="UTF-8"?>
<!-- Generated by org.testng.reporters.JUnitReportReporter -->
<testsuite hostname="ozonetel-Vostro-270s" failures="0" tests="9" name="com.CA.qa.TestCases.AgentToolBarLoginPageTest" time="25.678" errors="0" timestamp="06 Dec 2019 07:38:19 GMT" skipped="0">
  <testcase classname="com.CA.qa.TestCases.AgentToolBarLoginPageTest" name="VerifyATBLoginPage_TitleTest" time="2.112"/>
  <testcase classname="com.CA.qa.TestCases.AgentToolBarLoginPageTest" name="verifyATBLoginpage_logoTest" time="2.261"/>
  <testcase classname="com.CA.qa.TestCases.AgentToolBarLoginPageTest" name="verifyATBLoginpage_EmptycustomerErrMsg" time="3.256"/>
  <testcase classname="com.CA.qa.TestCases.AgentToolBarLoginPageTest" name="verifyATBLoginpage_EmptyAgentIdErrMsg" time="2.670"/>
  <testcase classname="com.CA.qa.TestCases.AgentToolBarLoginPageTest" name="verifyATBLoginpage_EmptyPhoneNoErrMsg" time="2.326"/>
  <testcase classname="com.CA.qa.TestCases.AgentToolBarLoginPageTest" name="verifyATBLoginpage_EmptyPinErrMsg" time="2.500"/>
  <testcase classname="com.CA.qa.TestCases.AgentToolBarLoginPageTest" name="verifyATBLoginpage_invalidUserOrAgentErrMsg" time="3.001"/>
  <testcase classname="com.CA.qa.TestCases.AgentToolBarLoginPageTest" name="VerifyATBLoginpage_logoTest" time="2.365"/>
  <testcase classname="com.CA.qa.TestCases.AgentToolBarLoginPageTest" name="ATBloginTest" time="5.187"/>
</testsuite> <!-- com.CA.qa.TestCases.AgentToolBarLoginPageTest -->
