<?xml version="1.0" encoding="UTF-8"?>
<!-- Generated by org.testng.reporters.JUnitReportReporter -->
<testsuite skipped="0" hostname="ozonetel-Vostro-270s" name="com.CA.qa.TestCases.TryTest" tests="1" failures="0" timestamp="17 Apr 2019 09:01:25 GMT" time="4.630" errors="0">
  <testcase name="ATBloginTest" time="4.630" classname="com.CA.qa.TestCases.TryTest"/>
</testsuite> <!-- com.CA.qa.TestCases.TryTest -->
