<?xml version="1.0" encoding="UTF-8"?>
<!-- Generated by org.testng.reporters.JUnitReportReporter -->
<testsuite hostname="ozonetel-Vostro-270s" failures="0" tests="8" name="com.CA.qa.TestCases.AddCampaignPageTest" time="85.239" errors="0" timestamp="14 Jan 2020 14:23:36 GMT" skipped="0">
  <testcase classname="com.CA.qa.TestCases.AddCampaignPageTest" name="DeleteCampaign" time="11.769"/>
  <testcase classname="com.CA.qa.TestCases.AddCampaignPageTest" name="DeleteCampaign" time="11.152"/>
  <testcase classname="com.CA.qa.TestCases.AddCampaignPageTest" name="DeleteCampaign" time="10.702"/>
  <testcase classname="com.CA.qa.TestCases.AddCampaignPageTest" name="DeleteCampaign" time="9.094"/>
  <testcase classname="com.CA.qa.TestCases.AddCampaignPageTest" name="DeleteCampaign" time="10.209"/>
  <testcase classname="com.CA.qa.TestCases.AddCampaignPageTest" name="DeleteCampaign" time="10.099"/>
  <testcase classname="com.CA.qa.TestCases.AddCampaignPageTest" name="DeleteCampaign" time="10.943"/>
  <testcase classname="com.CA.qa.TestCases.AddCampaignPageTest" name="DeleteCampaign" time="11.271"/>
</testsuite> <!-- com.CA.qa.TestCases.AddCampaignPageTest -->
