<?xml version="1.0" encoding="UTF-8"?>
<!-- Generated by org.testng.reporters.JUnitReportReporter -->
<testsuite skipped="0" hostname="ozonetel-Vostro-270s" name="com.CA.qa.TestCases.AdminHomePageTest" tests="5" failures="0" timestamp="17 Apr 2019 09:01:25 GMT" time="15.683" errors="0">
  <testcase name="verifyclickingoninbound" time="3.677" classname="com.CA.qa.TestCases.AdminHomePageTest"/>
  <testcase name="verifyOutboundAddCampaignButton" time="3.577" classname="com.CA.qa.TestCases.AdminHomePageTest"/>
  <testcase name="verifyAdminLogout" time="2.996" classname="com.CA.qa.TestCases.AdminHomePageTest"/>
  <testcase name="verifyclickingonOutbound" time="2.954" classname="com.CA.qa.TestCases.AdminHomePageTest"/>
  <testcase name="verifyAdminHomePage_TitleTest" time="2.479" classname="com.CA.qa.TestCases.AdminHomePageTest"/>
</testsuite> <!-- com.CA.qa.TestCases.AdminHomePageTest -->
