<?xml version="1.0" encoding="UTF-8"?>
<!-- Generated by org.testng.reporters.JUnitReportReporter -->
<testsuite skipped="0" hostname="ozonetel-Vostro-270s" name="com.CA.qa.TestCases.AgentToolBarHomePageTest" tests="1" failures="0" timestamp="21 May 2019 12:11:59 GMT" time="7.368" errors="0">
  <testcase name="verifyATBHomePage_TitleTest" time="7.368" classname="com.CA.qa.TestCases.AgentToolBarHomePageTest"/>
</testsuite> <!-- com.CA.qa.TestCases.AgentToolBarHomePageTest -->
