<?xml version="1.0" encoding="UTF-8"?>
<!-- Generated by org.testng.reporters.JUnitReportReporter -->
<testsuite skipped="0" hostname="ozonetel-Vostro-270s" name="com.CA.qa.TestCases.ConfigurationPageTest" tests="15" failures="0" timestamp="24 May 2019 09:11:39 GMT" time="109.903" errors="0">
  <testcase name="AddAgents" time="12.121" classname="com.CA.qa.TestCases.ConfigurationPageTest"/>
  <testcase name="AddAgents" time="11.705" classname="com.CA.qa.TestCases.ConfigurationPageTest"/>
  <testcase name="AddAgents" time="5.877" classname="com.CA.qa.TestCases.ConfigurationPageTest"/>
  <testcase name="AddPhoneNos" time="6.066" classname="com.CA.qa.TestCases.ConfigurationPageTest"/>
  <testcase name="AddPhoneNos" time="6.979" classname="com.CA.qa.TestCases.ConfigurationPageTest"/>
  <testcase name="AddPhoneNos" time="7.564" classname="com.CA.qa.TestCases.ConfigurationPageTest"/>
  <testcase name="AddTransferNos" time="5.889" classname="com.CA.qa.TestCases.ConfigurationPageTest"/>
  <testcase name="AddTransferNos" time="6.470" classname="com.CA.qa.TestCases.ConfigurationPageTest"/>
  <testcase name="AddTransferNos" time="6.349" classname="com.CA.qa.TestCases.ConfigurationPageTest"/>
  <testcase name="AddDispositions" time="7.073" classname="com.CA.qa.TestCases.ConfigurationPageTest"/>
  <testcase name="AddDispositions" time="8.664" classname="com.CA.qa.TestCases.ConfigurationPageTest"/>
  <testcase name="AddDispositions" time="5.482" classname="com.CA.qa.TestCases.ConfigurationPageTest"/>
  <testcase name="AddpauseReasons" time="6.289" classname="com.CA.qa.TestCases.ConfigurationPageTest"/>
  <testcase name="AddpauseReasons" time="6.377" classname="com.CA.qa.TestCases.ConfigurationPageTest"/>
  <testcase name="AddpauseReasons" time="6.998" classname="com.CA.qa.TestCases.ConfigurationPageTest"/>
</testsuite> <!-- com.CA.qa.TestCases.ConfigurationPageTest -->
