<?xml version="1.0" encoding="UTF-8"?>
<!-- Generated by org.testng.reporters.JUnitReportReporter -->
<testsuite hostname="ozonetel-Vostro-270s" failures="0" tests="11" name="com.CA.qa.TestCases.AgentToolBarHomePageTest" time="126.706" errors="0" timestamp="10 Jan 2020 12:10:44 GMT" skipped="0">
  <testcase classname="com.CA.qa.TestCases.AgentToolBarHomePageTest" name="verifyATBHomePage_TitleTest" time="9.026"/>
  <testcase classname="com.CA.qa.TestCases.AgentToolBarHomePageTest" name="verifyAgentStatusTestAtStart" time="12.551"/>
  <testcase classname="com.CA.qa.TestCases.AgentToolBarHomePageTest" name="VerifyAgentStatusToPause" time="16.272"/>
  <testcase classname="com.CA.qa.TestCases.AgentToolBarHomePageTest" name="VerifyAgentStatusToReady" time="9.489"/>
  <testcase classname="com.CA.qa.TestCases.AgentToolBarHomePageTest" name="VerifyAgentModeAtStart" time="9.535"/>
  <testcase classname="com.CA.qa.TestCases.AgentToolBarHomePageTest" name="VerifyAgentModeAfterManual" time="10.750"/>
  <testcase classname="com.CA.qa.TestCases.AgentToolBarHomePageTest" name="VerifyAgentModeAfterInbound" time="9.064"/>
  <testcase classname="com.CA.qa.TestCases.AgentToolBarHomePageTest" name="VerifyAgentModeAfterPreview" time="20.006"/>
  <testcase classname="com.CA.qa.TestCases.AgentToolBarHomePageTest" name="VerifyAgentModeAfterProgressive" time="9.270"/>
  <testcase classname="com.CA.qa.TestCases.AgentToolBarHomePageTest" name="VerifyAgentModeAfterBlended" time="10.015"/>
  <testcase classname="com.CA.qa.TestCases.AgentToolBarHomePageTest" name="VerifyAgentATBForceRelease" time="10.728"/>
</testsuite> <!-- com.CA.qa.TestCases.AgentToolBarHomePageTest -->
