<?xml version="1.0" encoding="UTF-8"?>
<!-- Generated by org.testng.reporters.JUnitReportReporter -->
<testsuite hostname="ozonetel-Vostro-270s" failures="0" tests="2" name="com.CA.qa.TestCases.AddCampaignPageTest" time="36.108" errors="0" timestamp="12 Feb 2020 13:26:14 GMT" skipped="0">
  <testcase classname="com.CA.qa.TestCases.AddCampaignPageTest" name="AddCampaign" time="17.635"/>
  <testcase classname="com.CA.qa.TestCases.AddCampaignPageTest" name="AddCampaign" time="18.473"/>
</testsuite> <!-- com.CA.qa.TestCases.AddCampaignPageTest -->
